mode: set
github.com/danilotadeu/star_wars/api/planet/planet.go:22.50,30.2 4 0
github.com/danilotadeu/star_wars/api/planet/planet.go:44.46,47.16 3 1
github.com/danilotadeu/star_wars/api/planet/planet.go:54.2,56.16 3 1
github.com/danilotadeu/star_wars/api/planet/planet.go:68.2,68.45 1 1
github.com/danilotadeu/star_wars/api/planet/planet.go:47.16,52.3 2 1
github.com/danilotadeu/star_wars/api/planet/planet.go:56.16,58.54 2 1
github.com/danilotadeu/star_wars/api/planet/planet.go:63.3,65.5 1 1
github.com/danilotadeu/star_wars/api/planet/planet.go:58.54,62.4 1 1
github.com/danilotadeu/star_wars/api/planet/planet.go:83.52,86.16 3 1
github.com/danilotadeu/star_wars/api/planet/planet.go:93.2,95.16 3 1
github.com/danilotadeu/star_wars/api/planet/planet.go:107.2,107.50 1 1
github.com/danilotadeu/star_wars/api/planet/planet.go:86.16,91.3 2 1
github.com/danilotadeu/star_wars/api/planet/planet.go:95.16,97.54 2 1
github.com/danilotadeu/star_wars/api/planet/planet.go:102.3,104.5 1 1
github.com/danilotadeu/star_wars/api/planet/planet.go:97.54,101.4 1 1
github.com/danilotadeu/star_wars/api/planet/planet.go:123.47,128.20 4 1
github.com/danilotadeu/star_wars/api/planet/planet.go:139.2,142.19 3 1
github.com/danilotadeu/star_wars/api/planet/planet.go:153.2,156.16 3 1
github.com/danilotadeu/star_wars/api/planet/planet.go:169.2,172.16 3 1
github.com/danilotadeu/star_wars/api/planet/planet.go:182.2,183.16 2 1
github.com/danilotadeu/star_wars/api/planet/planet.go:190.2,197.4 1 1
github.com/danilotadeu/star_wars/api/planet/planet.go:128.20,130.17 2 1
github.com/danilotadeu/star_wars/api/planet/planet.go:136.3,136.21 1 1
github.com/danilotadeu/star_wars/api/planet/planet.go:130.17,135.4 2 1
github.com/danilotadeu/star_wars/api/planet/planet.go:142.19,144.17 2 1
github.com/danilotadeu/star_wars/api/planet/planet.go:150.3,150.19 1 1
github.com/danilotadeu/star_wars/api/planet/planet.go:144.17,149.4 2 1
github.com/danilotadeu/star_wars/api/planet/planet.go:156.16,158.54 2 1
github.com/danilotadeu/star_wars/api/planet/planet.go:164.3,166.5 1 1
github.com/danilotadeu/star_wars/api/planet/planet.go:158.54,162.4 1 1
github.com/danilotadeu/star_wars/api/planet/planet.go:172.16,173.55 1 1
github.com/danilotadeu/star_wars/api/planet/planet.go:179.3,179.17 1 1
github.com/danilotadeu/star_wars/api/planet/planet.go:173.55,178.4 2 1
github.com/danilotadeu/star_wars/api/planet/planet.go:183.16,188.3 2 1
github.com/danilotadeu/star_wars/app/planet/planet.go:26.41,30.2 1 1
github.com/danilotadeu/star_wars/app/planet/planet.go:33.68,35.16 2 1
github.com/danilotadeu/star_wars/app/planet/planet.go:40.2,40.45 1 1
github.com/danilotadeu/star_wars/app/planet/planet.go:69.2,69.12 1 1
github.com/danilotadeu/star_wars/app/planet/planet.go:35.16,38.3 2 1
github.com/danilotadeu/star_wars/app/planet/planet.go:40.45,41.47 1 1
github.com/danilotadeu/star_wars/app/planet/planet.go:41.47,43.18 2 1
github.com/danilotadeu/star_wars/app/planet/planet.go:48.4,49.26 2 1
github.com/danilotadeu/star_wars/app/planet/planet.go:53.4,53.23 1 1
github.com/danilotadeu/star_wars/app/planet/planet.go:61.4,62.18 2 1
github.com/danilotadeu/star_wars/app/planet/planet.go:43.18,46.5 2 1
github.com/danilotadeu/star_wars/app/planet/planet.go:49.26,51.5 1 1
github.com/danilotadeu/star_wars/app/planet/planet.go:53.23,55.19 2 1
github.com/danilotadeu/star_wars/app/planet/planet.go:55.19,58.6 2 1
github.com/danilotadeu/star_wars/app/planet/planet.go:62.18,65.5 2 1
github.com/danilotadeu/star_wars/app/planet/planet.go:72.88,74.16 2 1
github.com/danilotadeu/star_wars/app/planet/planet.go:79.2,79.35 1 1
github.com/danilotadeu/star_wars/app/planet/planet.go:112.2,112.12 1 1
github.com/danilotadeu/star_wars/app/planet/planet.go:74.16,77.3 2 1
github.com/danilotadeu/star_wars/app/planet/planet.go:79.35,81.17 2 1
github.com/danilotadeu/star_wars/app/planet/planet.go:86.3,87.24 2 1
github.com/danilotadeu/star_wars/app/planet/planet.go:97.3,98.17 2 1
github.com/danilotadeu/star_wars/app/planet/planet.go:103.3,103.24 1 1
github.com/danilotadeu/star_wars/app/planet/planet.go:81.17,84.4 2 1
github.com/danilotadeu/star_wars/app/planet/planet.go:87.24,89.4 1 1
github.com/danilotadeu/star_wars/app/planet/planet.go:89.9,91.18 2 1
github.com/danilotadeu/star_wars/app/planet/planet.go:91.18,94.5 2 1
github.com/danilotadeu/star_wars/app/planet/planet.go:98.17,101.4 2 1
github.com/danilotadeu/star_wars/app/planet/planet.go:103.24,105.18 2 1
github.com/danilotadeu/star_wars/app/planet/planet.go:105.18,108.5 2 1
github.com/danilotadeu/star_wars/app/planet/planet.go:115.98,117.16 2 1
github.com/danilotadeu/star_wars/app/planet/planet.go:122.2,123.16 2 1
github.com/danilotadeu/star_wars/app/planet/planet.go:128.2,128.29 1 1
github.com/danilotadeu/star_wars/app/planet/planet.go:132.2,132.20 1 1
github.com/danilotadeu/star_wars/app/planet/planet.go:117.16,120.3 2 1
github.com/danilotadeu/star_wars/app/planet/planet.go:123.16,126.3 2 1
github.com/danilotadeu/star_wars/app/planet/planet.go:128.29,130.3 1 1
github.com/danilotadeu/star_wars/app/planet/planet.go:135.120,137.16 2 1
github.com/danilotadeu/star_wars/app/planet/planet.go:142.2,142.23 1 1
github.com/danilotadeu/star_wars/app/planet/planet.go:146.2,147.33 2 1
github.com/danilotadeu/star_wars/app/planet/planet.go:151.2,152.16 2 1
github.com/danilotadeu/star_wars/app/planet/planet.go:157.2,157.33 1 1
github.com/danilotadeu/star_wars/app/planet/planet.go:165.2,165.21 1 1
github.com/danilotadeu/star_wars/app/planet/planet.go:137.16,140.3 2 1
github.com/danilotadeu/star_wars/app/planet/planet.go:142.23,144.3 1 1
github.com/danilotadeu/star_wars/app/planet/planet.go:147.33,149.3 1 1
github.com/danilotadeu/star_wars/app/planet/planet.go:152.16,155.3 2 1
github.com/danilotadeu/star_wars/app/planet/planet.go:157.33,158.30 1 1
github.com/danilotadeu/star_wars/app/planet/planet.go:158.30,159.34 1 1
github.com/danilotadeu/star_wars/app/planet/planet.go:159.34,161.5 1 1
github.com/danilotadeu/star_wars/app/planet/planet.go:168.69,170.16 2 1
github.com/danilotadeu/star_wars/app/planet/planet.go:175.2,176.16 2 1
github.com/danilotadeu/star_wars/app/planet/planet.go:180.2,180.12 1 1
github.com/danilotadeu/star_wars/app/planet/planet.go:170.16,173.3 2 1
github.com/danilotadeu/star_wars/app/planet/planet.go:176.16,179.3 2 1
github.com/danilotadeu/star_wars/app/planet/planet.go:183.72,185.16 2 1
github.com/danilotadeu/star_wars/app/planet/planet.go:189.2,189.19 1 1
github.com/danilotadeu/star_wars/app/planet/planet.go:185.16,188.3 2 1
