mode: set
github.com/danilotadeu/star_wars/app/planet/planet.go:25.41,29.2 1 1
github.com/danilotadeu/star_wars/app/planet/planet.go:32.68,34.16 2 1
github.com/danilotadeu/star_wars/app/planet/planet.go:39.2,39.45 1 1
github.com/danilotadeu/star_wars/app/planet/planet.go:68.2,68.12 1 1
github.com/danilotadeu/star_wars/app/planet/planet.go:34.16,37.3 2 1
github.com/danilotadeu/star_wars/app/planet/planet.go:39.45,40.47 1 1
github.com/danilotadeu/star_wars/app/planet/planet.go:40.47,42.18 2 1
github.com/danilotadeu/star_wars/app/planet/planet.go:47.4,48.26 2 1
github.com/danilotadeu/star_wars/app/planet/planet.go:52.4,52.23 1 1
github.com/danilotadeu/star_wars/app/planet/planet.go:60.4,61.18 2 1
github.com/danilotadeu/star_wars/app/planet/planet.go:42.18,45.5 2 1
github.com/danilotadeu/star_wars/app/planet/planet.go:48.26,50.5 1 1
github.com/danilotadeu/star_wars/app/planet/planet.go:52.23,54.19 2 1
github.com/danilotadeu/star_wars/app/planet/planet.go:54.19,57.6 2 1
github.com/danilotadeu/star_wars/app/planet/planet.go:61.18,64.5 2 1
github.com/danilotadeu/star_wars/app/planet/planet.go:71.88,73.16 2 1
github.com/danilotadeu/star_wars/app/planet/planet.go:78.2,78.35 1 1
github.com/danilotadeu/star_wars/app/planet/planet.go:111.2,111.12 1 1
github.com/danilotadeu/star_wars/app/planet/planet.go:73.16,76.3 2 1
github.com/danilotadeu/star_wars/app/planet/planet.go:78.35,80.17 2 1
github.com/danilotadeu/star_wars/app/planet/planet.go:85.3,86.24 2 1
github.com/danilotadeu/star_wars/app/planet/planet.go:96.3,97.17 2 1
github.com/danilotadeu/star_wars/app/planet/planet.go:102.3,102.24 1 1
github.com/danilotadeu/star_wars/app/planet/planet.go:80.17,83.4 2 1
github.com/danilotadeu/star_wars/app/planet/planet.go:86.24,88.4 1 1
github.com/danilotadeu/star_wars/app/planet/planet.go:88.9,90.18 2 1
github.com/danilotadeu/star_wars/app/planet/planet.go:90.18,93.5 2 1
github.com/danilotadeu/star_wars/app/planet/planet.go:97.17,100.4 2 1
github.com/danilotadeu/star_wars/app/planet/planet.go:102.24,104.18 2 1
github.com/danilotadeu/star_wars/app/planet/planet.go:104.18,107.5 2 1
github.com/danilotadeu/star_wars/app/planet/planet.go:114.98,116.16 2 1
github.com/danilotadeu/star_wars/app/planet/planet.go:121.2,122.16 2 1
github.com/danilotadeu/star_wars/app/planet/planet.go:127.2,127.29 1 1
github.com/danilotadeu/star_wars/app/planet/planet.go:131.2,131.20 1 1
github.com/danilotadeu/star_wars/app/planet/planet.go:116.16,119.3 2 1
github.com/danilotadeu/star_wars/app/planet/planet.go:122.16,125.3 2 1
github.com/danilotadeu/star_wars/app/planet/planet.go:127.29,129.3 1 1
github.com/danilotadeu/star_wars/app/planet/planet.go:134.120,136.16 2 1
github.com/danilotadeu/star_wars/app/planet/planet.go:141.2,141.23 1 1
github.com/danilotadeu/star_wars/app/planet/planet.go:145.2,146.33 2 1
github.com/danilotadeu/star_wars/app/planet/planet.go:150.2,151.16 2 1
github.com/danilotadeu/star_wars/app/planet/planet.go:156.2,156.33 1 1
github.com/danilotadeu/star_wars/app/planet/planet.go:164.2,164.21 1 1
github.com/danilotadeu/star_wars/app/planet/planet.go:136.16,139.3 2 1
github.com/danilotadeu/star_wars/app/planet/planet.go:141.23,143.3 1 1
github.com/danilotadeu/star_wars/app/planet/planet.go:146.33,148.3 1 1
github.com/danilotadeu/star_wars/app/planet/planet.go:151.16,154.3 2 1
github.com/danilotadeu/star_wars/app/planet/planet.go:156.33,157.30 1 1
github.com/danilotadeu/star_wars/app/planet/planet.go:157.30,158.34 1 1
github.com/danilotadeu/star_wars/app/planet/planet.go:158.34,160.5 1 1
github.com/danilotadeu/star_wars/app/planet/planet.go:167.69,169.16 2 1
github.com/danilotadeu/star_wars/app/planet/planet.go:174.2,175.16 2 1
github.com/danilotadeu/star_wars/app/planet/planet.go:179.2,179.12 1 1
github.com/danilotadeu/star_wars/app/planet/planet.go:169.16,172.3 2 1
github.com/danilotadeu/star_wars/app/planet/planet.go:175.16,178.3 2 1
github.com/danilotadeu/star_wars/api/planet/planet.go:21.50,29.2 4 0
github.com/danilotadeu/star_wars/api/planet/planet.go:43.46,46.16 3 1
github.com/danilotadeu/star_wars/api/planet/planet.go:53.2,55.16 3 1
github.com/danilotadeu/star_wars/api/planet/planet.go:67.2,67.45 1 1
github.com/danilotadeu/star_wars/api/planet/planet.go:46.16,51.3 2 1
github.com/danilotadeu/star_wars/api/planet/planet.go:55.16,57.54 2 1
github.com/danilotadeu/star_wars/api/planet/planet.go:62.3,64.5 1 1
github.com/danilotadeu/star_wars/api/planet/planet.go:57.54,61.4 1 1
github.com/danilotadeu/star_wars/api/planet/planet.go:82.52,85.16 3 1
github.com/danilotadeu/star_wars/api/planet/planet.go:92.2,94.16 3 1
github.com/danilotadeu/star_wars/api/planet/planet.go:106.2,106.50 1 1
github.com/danilotadeu/star_wars/api/planet/planet.go:85.16,90.3 2 1
github.com/danilotadeu/star_wars/api/planet/planet.go:94.16,96.54 2 1
github.com/danilotadeu/star_wars/api/planet/planet.go:101.3,103.5 1 1
github.com/danilotadeu/star_wars/api/planet/planet.go:96.54,100.4 1 1
github.com/danilotadeu/star_wars/api/planet/planet.go:122.47,127.20 4 1
github.com/danilotadeu/star_wars/api/planet/planet.go:138.2,141.19 3 1
github.com/danilotadeu/star_wars/api/planet/planet.go:152.2,155.16 3 1
github.com/danilotadeu/star_wars/api/planet/planet.go:168.2,168.46 1 1
github.com/danilotadeu/star_wars/api/planet/planet.go:127.20,129.17 2 1
github.com/danilotadeu/star_wars/api/planet/planet.go:135.3,135.21 1 1
github.com/danilotadeu/star_wars/api/planet/planet.go:129.17,134.4 2 1
github.com/danilotadeu/star_wars/api/planet/planet.go:141.19,143.17 2 1
github.com/danilotadeu/star_wars/api/planet/planet.go:149.3,149.19 1 1
github.com/danilotadeu/star_wars/api/planet/planet.go:143.17,148.4 2 1
github.com/danilotadeu/star_wars/api/planet/planet.go:155.16,157.54 2 1
github.com/danilotadeu/star_wars/api/planet/planet.go:163.3,165.5 1 1
github.com/danilotadeu/star_wars/api/planet/planet.go:157.54,161.4 1 1
